[debug] [2019-11-12T09:39:53.159Z] ----------------------------------------------------------------------
[debug] [2019-11-12T09:39:53.164Z] Command:       C:\Program Files\nodejs\node.exe C:\Users\shaik\AppData\Roaming\npm\node_modules\firebase-tools\lib\bin\firebase.js deploy
[debug] [2019-11-12T09:39:53.164Z] CLI Version:   7.7.0
[debug] [2019-11-12T09:39:53.164Z] Platform:      win32
[debug] [2019-11-12T09:39:53.164Z] Node Version:  v12.13.0
[debug] [2019-11-12T09:39:53.166Z] Time:          Tue Nov 12 2019 01:39:53 GMT-0800 (Pacific Standard Time)
[debug] [2019-11-12T09:39:53.166Z] ----------------------------------------------------------------------
[debug] [2019-11-12T09:39:53.166Z] 
[debug] [2019-11-12T09:39:53.176Z] > command requires scopes: ["email","openid","https://www.googleapis.com/auth/cloudplatformprojects.readonly","https://www.googleapis.com/auth/firebase","https://www.googleapis.com/auth/cloud-platform"]
[debug] [2019-11-12T09:39:53.177Z] > authorizing via signed-in user
[debug] [2019-11-12T09:39:53.177Z] [iam] checking project brain-teasers-9c108 for permissions ["firebase.projects.get","firebasehosting.sites.update"]
[debug] [2019-11-12T09:39:53.180Z] >>> HTTP REQUEST POST https://cloudresourcemanager.googleapis.com/v1/projects/brain-teasers-9c108:testIamPermissions  

[debug] [2019-11-12T09:39:55.142Z] <<< HTTP RESPONSE 200
[debug] [2019-11-12T09:39:55.149Z] >>> HTTP REQUEST GET https://firebase.googleapis.com/v1beta1/projects/brain-teasers-9c108  
 
[debug] [2019-11-12T09:39:55.713Z] <<< HTTP RESPONSE 200
[info] 
[info] === Deploying to 'brain-teasers-9c108'...
[info] 
[info] i  deploying hosting
[debug] [2019-11-12T09:39:55.720Z] >>> HTTP REQUEST POST https://firebasehosting.googleapis.com/v1beta1/sites/brain-teasers-9c108/versions  

[debug] [2019-11-12T09:39:57.854Z] <<< HTTP RESPONSE 200
[info] i  hosting[brain-teasers-9c108]: beginning deploy...
[info] i  hosting[brain-teasers-9c108]: found 5049 files in 
[debug] [2019-11-12T09:39:59.712Z] >>> HTTP REQUEST POST https://firebasehosting.googleapis.com/v1beta1/sites/brain-teasers-9c108/versions/b2329fa2d8330d44:populateFiles  
 <request body omitted>
[debug] [2019-11-12T09:39:59.911Z] >>> HTTP REQUEST POST https://firebasehosting.googleapis.com/v1beta1/sites/brain-teasers-9c108/versions/b2329fa2d8330d44:populateFiles  
 <request body omitted>
[debug] [2019-11-12T09:40:00.123Z] >>> HTTP REQUEST POST https://firebasehosting.googleapis.com/v1beta1/sites/brain-teasers-9c108/versions/b2329fa2d8330d44:populateFiles  
 <request body omitted>
[debug] [2019-11-12T09:40:00.306Z] >>> HTTP REQUEST POST https://firebasehosting.googleapis.com/v1beta1/sites/brain-teasers-9c108/versions/b2329fa2d8330d44:populateFiles  
 <request body omitted>
[debug] [2019-11-12T09:40:00.496Z] >>> HTTP REQUEST POST https://firebasehosting.googleapis.com/v1beta1/sites/brain-teasers-9c108/versions/b2329fa2d8330d44:populateFiles  
 <request body omitted>
[debug] [2019-11-12T09:40:00.549Z] [hosting] hash cache [] stored for 5049 files
[debug] [2019-11-12T09:40:00.550Z] [hosting][hash queue][FINAL]
[debug] [2019-11-12T09:40:00.550Z] >>> HTTP REQUEST POST https://firebasehosting.googleapis.com/v1beta1/sites/brain-teasers-9c108/versions/b2329fa2d8330d44:populateFiles  
 <request body omitted>
[debug] [2019-11-12T09:40:03.085Z] <<< HTTP RESPONSE 200
[debug] [2019-11-12T09:40:12.899Z] <<< HTTP RESPONSE 200
[debug] [2019-11-12T09:40:13.092Z] <<< HTTP RESPONSE 200
[debug] [2019-11-12T09:40:15.237Z] <<< HTTP RESPONSE 200
[debug] [2019-11-12T09:40:15.312Z] <<< HTTP RESPONSE 200
[debug] [2019-11-12T09:40:16.170Z] <<< HTTP RESPONSE 200
[debug] [2019-11-12T09:40:16.172Z] [hosting][populate queue][FINAL]
[debug] [2019-11-12T09:40:16.172Z] [hosting] uploads queued: 0
[debug] [2019-11-12T09:40:16.173Z] [hosting][upload queue][FINAL]
[info] +  hosting[brain-teasers-9c108]: file upload complete
[debug] [2019-11-12T09:40:16.178Z] [hosting] deploy completed after 18319ms
[debug] [2019-11-12T09:40:16.325Z] [
  {
    "config": {
      "public": "",
      "ignore": [
        "firebase.json",
        "**/.*",
        "**/node_modules/**"
      ],
      "site": "brain-teasers-9c108"
    },
    "site": "brain-teasers-9c108",
    "version": "sites/brain-teasers-9c108/versions/b2329fa2d8330d44"
  }
]
[info] i  hosting[brain-teasers-9c108]: finalizing version...
[debug] [2019-11-12T09:40:16.329Z] >>> HTTP REQUEST PATCH https://firebasehosting.googleapis.com/v1beta1/sites/brain-teasers-9c108/versions/b2329fa2d8330d44?updateMask=status  

